[debug] > Exec(early(addDefaultCommands), None, None)
[debug] > Exec(addDefaultCommands, None, None)
[debug] > Exec(early(initialize), None, None)
[debug] > Exec(initialize, None, None)
[debug] > Exec(early(addPluginSbtFile="""C:\Users\Jesus\AppData\Local\Temp\idea4.sbt"""), None, None)
[debug] > Exec(addPluginSbtFile="""C:\Users\Jesus\AppData\Local\Temp\idea4.sbt""", None, None)
[debug] > Exec(boot, None, None)
[debug] > Exec(writeSbtVersion, None, None)
[debug] > Exec(reload, None, None)
[debug] > Exec(sbtStashOnFailure, None, None)
[debug] > Exec(onFailure loadFailed, None, None)
[debug] > Exec(loadp, None, None)
[info] welcome to sbt 1.6.2 (Oracle Corporation Java 17.0.1)
[debug]       Load.loadUnit: plugins took 261.4566ms
[debug]       Load.loadUnit: defsScala took 0.5987ms
[debug] [Loading] Scanning directory C:\Users\Jesus\.sbt\1.0\plugins
[debug] [Loading] Found non-root projects 
[debug] [Loading] Done in C:\Users\Jesus\.sbt\1.0\plugins, returning: ()
[debug] deducing auto plugins based on known facts Set(Atom(sbt.plugins.CorePlugin)) and clauses Clauses(Clause(Atom(sbt.plugins.JvmPlugin),Set(Atom(sbt.plugins.IvyPlugin)))
[debug] Clause(Atom(sbt.ScriptedPlugin),Set(Atom(sbt.plugins.JvmPlugin)))
[debug] Clause(Atom(sbt.plugins.SbtPlugin),Set(Atom(sbt.ScriptedPlugin)))
[debug] Clause(Atom(sbt.plugins.SemanticdbPlugin),Set(Atom(sbt.plugins.JvmPlugin)))
[debug] Clause(Atom(sbt.plugins.JUnitXmlReportPlugin),Set(Atom(sbt.plugins.JvmPlugin)))
[debug] Clause(Atom(sbt.plugins.MiniDependencyTreePlugin),Set(Atom(sbt.plugins.JvmPlugin)))
[debug] Clause(Atom(sbt.plugins.CorePlugin),Set(Atom(sbt.plugins.IvyPlugin)))
[debug] Clause(Atom(sbt.plugins.IvyPlugin),Set(Atom(sbt.plugins.JvmPlugin)))
[debug] Clause(Atom(sbt.plugins.JvmPlugin),Set(Atom(sbt.plugins.SemanticdbPlugin)))
[debug] Clause(Atom(sbt.plugins.JvmPlugin),Set(Atom(sbt.plugins.JUnitXmlReportPlugin)))
[debug] Clause(Atom(sbt.plugins.CorePlugin),Set(Atom(sbt.plugins.Giter8TemplatePlugin)))
[debug] Clause(Atom(sbt.plugins.JvmPlugin),Set(Atom(sbt.plugins.MiniDependencyTreePlugin))))
[debug]   :: deduced result: Matched(sbt.plugins.CorePlugin,sbt.plugins.Giter8TemplatePlugin,sbt.plugins.IvyPlugin,sbt.plugins.JvmPlugin,sbt.plugins.MiniDependencyTreePlugin,sbt.plugins.JUnitXmlReportPlugin,sbt.plugins.SemanticdbPlugin)
[debug] Plugins.deducer#function took 56.1344 ms
[debug]           Load.resolveProject(global-plugins) took 89.0735ms
[debug]         Load.loadTransitive: finalizeProject(Project(id global-plugins, base: C:\Users\Jesus\.sbt\1.0\plugins, plugins: List(<none>))) took 185.7926ms
[debug] [Loading] Done in C:\Users\Jesus\.sbt\1.0\plugins, returning: (global-plugins)
[debug]       Load.loadUnit: loadedProjectsRaw took 228.019ms
[debug]       Load.loadUnit: cleanEvalClasses took 0.5798ms
[debug]     Load.loadUnit(file:/C:/Users/Jesus/.sbt/1.0/plugins/, ...) took 510.3988ms
[debug]   Load.apply: load took 966.8826ms
[debug]   Load.apply: resolveProjects took 15.0931ms
[debug]   Load.apply: finalTransforms took 211.8584ms
[debug]   Load.apply: config.delegates took 22.4458ms
[debug]   Load.apply: Def.make(settings)... took 1579.2756ms
[debug]   Load.apply: structureIndex took 306.8046ms
[debug]   Load.apply: mkStreams took 2.4636ms
[info] loading global plugins from C:\Users\Jesus\.sbt\1.0\plugins
[debug] Running task... Cancel: Signal, check cycles: false, forcegc: true
[debug] Load.defaultLoad until apply took 9162.0479ms
[debug]                 Load.loadUnit: plugins took 170.9497ms
[debug]                 Load.loadUnit: defsScala took 0.0193ms
[debug] [Loading] Scanning directory C:\Users\Jesus\Desktop\Copia de Taller 5 - Plantilla\project\project
[debug] [Loading] Found non-root projects 
[debug] [Loading] Done in C:\Users\Jesus\Desktop\Copia de Taller 5 - Plantilla\project\project, returning: ()
[debug] deducing auto plugins based on known facts Set(Atom(sbt.plugins.CorePlugin)) and clauses Clauses(Clause(Atom(sbt.plugins.JvmPlugin),Set(Atom(sbt.plugins.IvyPlugin)))
[debug] Clause(Atom(sbt.ScriptedPlugin),Set(Atom(sbt.plugins.JvmPlugin)))
[debug] Clause(Atom(sbt.plugins.SbtPlugin),Set(Atom(sbt.ScriptedPlugin)))
[debug] Clause(Atom(sbt.plugins.SemanticdbPlugin),Set(Atom(sbt.plugins.JvmPlugin)))
[debug] Clause(Atom(sbt.plugins.JUnitXmlReportPlugin),Set(Atom(sbt.plugins.JvmPlugin)))
[debug] Clause(Atom(sbt.plugins.MiniDependencyTreePlugin),Set(Atom(sbt.plugins.JvmPlugin)))
[debug] Clause(Atom(sbt.plugins.CorePlugin),Set(Atom(sbt.plugins.IvyPlugin)))
[debug] Clause(Atom(sbt.plugins.IvyPlugin),Set(Atom(sbt.plugins.JvmPlugin)))
[debug] Clause(Atom(sbt.plugins.JvmPlugin),Set(Atom(sbt.plugins.SemanticdbPlugin)))
[debug] Clause(Atom(sbt.plugins.JvmPlugin),Set(Atom(sbt.plugins.JUnitXmlReportPlugin)))
[debug] Clause(Atom(sbt.plugins.CorePlugin),Set(Atom(sbt.plugins.Giter8TemplatePlugin)))
[debug] Clause(Atom(sbt.plugins.JvmPlugin),Set(Atom(sbt.plugins.MiniDependencyTreePlugin))))
[debug]   :: deduced result: Matched(sbt.plugins.CorePlugin,sbt.plugins.Giter8TemplatePlugin,sbt.plugins.IvyPlugin,sbt.plugins.JvmPlugin,sbt.plugins.MiniDependencyTreePlugin,sbt.plugins.JUnitXmlReportPlugin,sbt.plugins.SemanticdbPlugin)
[debug] Plugins.deducer#function took 6.5934 ms
[debug]                     Load.resolveProject(copia-de-taller-5-plantilla-build-build) took 3.2105ms
[debug]                   Load.loadTransitive: finalizeProject(Project(id copia-de-taller-5-plantilla-build-build, base: C:\Users\Jesus\Desktop\Copia de Taller 5 - Plantilla\project\project, plugins: List(<none>))) took 11.0183ms
[debug] [Loading] Done in C:\Users\Jesus\Desktop\Copia de Taller 5 - Plantilla\project\project, returning: (copia-de-taller-5-plantilla-build-build)
[debug]                 Load.loadUnit: loadedProjectsRaw took 15.3646ms
[debug]                 Load.loadUnit: cleanEvalClasses took 0.0281ms
[debug]               Load.loadUnit(file:/C:/Users/Jesus/Desktop/Copia%20de%20Taller%205%20-%20Plantilla/project/project/, ...) took 189.2169ms
[debug]             Load.apply: load took 194.662ms
[debug]             Load.apply: resolveProjects took 0.2197ms
[debug]             Load.apply: finalTransforms took 42.7066ms
[debug]             Load.apply: config.delegates took 1.02ms
[debug]             Load.apply: Def.make(settings)... took 344.59ms
[debug]             Load.apply: structureIndex took 87.0238ms
[debug]             Load.apply: mkStreams took 0.0049ms
[info] loading project definition from C:\Users\Jesus\Desktop\Copia de Taller 5 - Plantilla\project\project
[debug] Running task... Cancel: Signal, check cycles: false, forcegc: true
[debug]           Load.loadUnit: plugins took 2044.2954ms
[debug]           Load.loadUnit: defsScala took 0.0123ms
[debug] [Loading] Scanning directory C:\Users\Jesus\Desktop\Copia de Taller 5 - Plantilla\project
[debug]             Load.loadUnit: mkEval took 10.8151ms
[debug] [Loading] Found non-root projects 
[debug] [Loading] Done in C:\Users\Jesus\Desktop\Copia de Taller 5 - Plantilla\project, returning: ()
[debug] deducing auto plugins based on known facts Set(Atom(sbt.plugins.CorePlugin)) and clauses Clauses(Clause(Atom(sbt.plugins.JvmPlugin),Set(Atom(sbt.plugins.IvyPlugin)))
[debug] Clause(Atom(sbt.ScriptedPlugin),Set(Atom(sbt.plugins.JvmPlugin)))
[debug] Clause(Atom(sbt.plugins.SbtPlugin),Set(Atom(sbt.ScriptedPlugin)))
[debug] Clause(Atom(sbt.plugins.SemanticdbPlugin),Set(Atom(sbt.plugins.JvmPlugin)))
[debug] Clause(Atom(sbt.plugins.JUnitXmlReportPlugin),Set(Atom(sbt.plugins.JvmPlugin)))
[debug] Clause(Atom(sbt.plugins.MiniDependencyTreePlugin),Set(Atom(sbt.plugins.JvmPlugin)))
[debug] Clause(Atom(sbt.plugins.CorePlugin),Set(Atom(sbt.plugins.IvyPlugin)))
[debug] Clause(Atom(sbt.plugins.IvyPlugin),Set(Atom(sbt.plugins.JvmPlugin)))
[debug] Clause(Atom(sbt.plugins.JvmPlugin),Set(Atom(sbt.plugins.SemanticdbPlugin)))
[debug] Clause(Atom(sbt.plugins.JvmPlugin),Set(Atom(sbt.plugins.JUnitXmlReportPlugin)))
[debug] Clause(Atom(sbt.plugins.CorePlugin),Set(Atom(sbt.plugins.Giter8TemplatePlugin)))
[debug] Clause(Atom(sbt.plugins.JvmPlugin),Set(Atom(sbt.plugins.MiniDependencyTreePlugin))))
[debug]   :: deduced result: Matched(sbt.plugins.CorePlugin,sbt.plugins.Giter8TemplatePlugin,sbt.plugins.IvyPlugin,sbt.plugins.JvmPlugin,sbt.plugins.MiniDependencyTreePlugin,sbt.plugins.JUnitXmlReportPlugin,sbt.plugins.SemanticdbPlugin)
[debug] Plugins.deducer#function took 4.9333 ms
[info] loading settings for project copia-de-taller-5-plantilla-build from idea4.sbt ...
[debug]               Load.resolveProject(copia-de-taller-5-plantilla-build) took 79.0013ms
[debug]             Load.loadTransitive: finalizeProject(Project(id copia-de-taller-5-plantilla-build, base: C:\Users\Jesus\Desktop\Copia de Taller 5 - Plantilla\project, plugins: List(<none>))) took 87.0242ms
[debug] [Loading] Done in C:\Users\Jesus\Desktop\Copia de Taller 5 - Plantilla\project, returning: (copia-de-taller-5-plantilla-build)
[debug]           Load.loadUnit: loadedProjectsRaw took 572.6368ms
[debug]           Load.loadUnit: cleanEvalClasses took 15.4698ms
[debug]         Load.loadUnit(file:/C:/Users/Jesus/Desktop/Copia%20de%20Taller%205%20-%20Plantilla/project/, ...) took 2635.5406ms
[debug]       Load.apply: load took 2641.0554ms
[debug]       Load.apply: resolveProjects took 0.1888ms
[debug]       Load.apply: finalTransforms took 66.6298ms
[debug]       Load.apply: config.delegates took 1.0114ms
[debug]       Load.apply: Def.make(settings)... took 572.9095ms
[debug]       Load.apply: structureIndex took 148.8446ms
[debug]       Load.apply: mkStreams took 0.0033ms
[info] loading project definition from C:\Users\Jesus\Desktop\Copia de Taller 5 - Plantilla\project
[debug] Running task... Cancel: Signal, check cycles: false, forcegc: true
[debug]     Load.loadUnit: plugins took 4485.7068ms
[debug]     Load.loadUnit: defsScala took 0.008ms
[debug] [Loading] Scanning directory C:\Users\Jesus\Desktop\Copia de Taller 5 - Plantilla
[debug]       Load.loadUnit: mkEval took 0.8764ms
[debug] [Loading] Found root project root w/ remaining 
[debug] deducing auto plugins based on known facts Set(Atom(sbt.plugins.CorePlugin)) and clauses Clauses(Clause(Atom(sbt.plugins.JvmPlugin),Set(Atom(sbt.plugins.IvyPlugin)))
[debug] Clause(Atom(sbt.ScriptedPlugin),Set(Atom(sbt.plugins.JvmPlugin)))
[debug] Clause(Atom(sbt.plugins.SbtPlugin),Set(Atom(sbt.ScriptedPlugin)))
[debug] Clause(Atom(sbt.plugins.SemanticdbPlugin),Set(Atom(sbt.plugins.JvmPlugin)))
[debug] Clause(Atom(sbt.plugins.JUnitXmlReportPlugin),Set(Atom(sbt.plugins.JvmPlugin)))
[debug] Clause(Atom(sbt.plugins.MiniDependencyTreePlugin),Set(Atom(sbt.plugins.JvmPlugin)))
[debug] Clause(Atom(org.jetbrains.sbt.StructurePlugin),Set(Atom(sbt.plugins.JvmPlugin)))
[debug] Clause(Atom(org.jetbrains.sbt.IdeaShellPlugin),Set(Atom(sbt.plugins.JvmPlugin)))
[debug] Clause(Atom(org.jetbrains.sbt.indices.SbtIntellijIndicesPlugin),Set(Atom(sbt.plugins.JvmPlugin)))
[debug] Clause(Atom(sbt.plugins.CorePlugin),Set(Atom(sbt.plugins.IvyPlugin)))
[debug] Clause(Atom(sbt.plugins.IvyPlugin),Set(Atom(sbt.plugins.JvmPlugin)))
[debug] Clause(Atom(sbt.plugins.JvmPlugin),Set(Atom(sbt.plugins.SemanticdbPlugin)))
[debug] Clause(Atom(sbt.plugins.JvmPlugin),Set(Atom(sbt.plugins.JUnitXmlReportPlugin)))
[debug] Clause(Atom(sbt.plugins.CorePlugin),Set(Atom(sbt.plugins.Giter8TemplatePlugin)))
[debug] Clause(Atom(sbt.plugins.JvmPlugin),Set(Atom(sbt.plugins.MiniDependencyTreePlugin)))
[debug] Clause(Atom(sbt.plugins.JvmPlugin),Set(Atom(org.jetbrains.sbt.StructurePlugin)))
[debug] Clause(Atom(sbt.plugins.JvmPlugin),Set(Atom(org.jetbrains.sbt.IdeaShellPlugin)))
[debug] Clause(And(Set(Atom(sbt.plugins.CorePlugin), Atom(sbt.plugins.JvmPlugin))),Set(Atom(org.jetbrains.sbt.indices.SbtIntellijIndicesPlugin))))
[debug]   :: deduced result: Matched(sbt.plugins.CorePlugin,sbt.plugins.Giter8TemplatePlugin,sbt.plugins.IvyPlugin,sbt.plugins.JvmPlugin,sbt.plugins.SemanticdbPlugin,org.jetbrains.sbt.indices.SbtIntellijIndicesPlugin,sbt.plugins.JUnitXmlReportPlugin,org.jetbrains.sbt.IdeaShellPlugin,org.jetbrains.sbt.StructurePlugin,sbt.plugins.MiniDependencyTreePlugin)
[debug] Plugins.deducer#function took 11.1764 ms
[info] loading settings for project root from build.sbt ...
[debug]         Load.resolveProject(root) took 76.5757ms
[debug]       Load.loadTransitive: finalizeProject(Project(id root, base: C:\Users\Jesus\Desktop\Copia de Taller 5 - Plantilla, plugins: List(<none>))) took 91.4335ms
[debug] [Loading] Done in C:\Users\Jesus\Desktop\Copia de Taller 5 - Plantilla, returning: (root)
[debug]     Load.loadUnit: loadedProjectsRaw took 476.5894ms
[debug]     Load.loadUnit: cleanEvalClasses took 32.387ms
[debug]   Load.loadUnit(file:/C:/Users/Jesus/Desktop/Copia%20de%20Taller%205%20-%20Plantilla/, ...) took 4996.3713ms
[debug] Load.apply: load took 5007.9645ms
[debug] Load.apply: resolveProjects took 0.195ms
[debug] Load.apply: finalTransforms took 55.7549ms
[debug] Load.apply: config.delegates took 1.4589ms
[debug] Load.apply: Def.make(settings)... took 278.4892ms
[debug] Load.apply: structureIndex took 128.4226ms
[debug] Load.apply: mkStreams took 0.0032ms
[info] set current project to Taller 5 - Problema Fuertemente Paralelo (in build file:/C:/Users/Jesus/Desktop/Copia%20de%20Taller%205%20-%20Plantilla/)
[debug] > Exec(sbtPopOnFailure, None, None)
[debug] > Exec(resumeFromFailure, None, None)
[debug] > Exec(notifyUsersAboutShell, None, None)
[debug] > Exec(iflast shell, None, None)
[debug] > Exec(; set ideaPort in Global := 50906 ; idea-shell, None, None)
[debug] > Exec(set ideaPort in Global := 50906, None, None)
[info] Defining Global / ideaPort
[info] The new value will be used by Compile / compile, Test / compile
[debug] Defining 
[debug] 	Global / ideaPort
[debug] 
[debug] The new value will be used by 
[debug] 	Compile / compile
[debug] 	Test / compile
[info] Reapplying settings...
[info] set current project to Taller 5 - Problema Fuertemente Paralelo (in build file:/C:/Users/Jesus/Desktop/Copia%20de%20Taller%205%20-%20Plantilla/)
[debug] > Exec(idea-shell, None, None)
