[debug] > Exec(early(addDefaultCommands), None, None)
[debug] > Exec(addDefaultCommands, None, None)
[debug] > Exec(early(initialize), None, None)
[debug] > Exec(initialize, None, None)
[debug] > Exec(early(addPluginSbtFile="""C:\Users\Jesus\AppData\Local\Temp\idea10.sbt"""), None, None)
[debug] > Exec(addPluginSbtFile="""C:\Users\Jesus\AppData\Local\Temp\idea10.sbt""", None, None)
[debug] > Exec(boot, None, None)
[debug] > Exec(writeSbtVersion, None, None)
[debug] > Exec(reload, None, None)
[debug] > Exec(sbtStashOnFailure, None, None)
[debug] > Exec(onFailure loadFailed, None, None)
[debug] > Exec(loadp, None, None)
[info] welcome to sbt 1.6.2 (Oracle Corporation Java 17.0.1)
[debug]       Load.loadUnit: plugins took 712.2353ms
[debug]       Load.loadUnit: defsScala took 0.6705ms
[debug] [Loading] Scanning directory C:\Users\Jesus\.sbt\1.0\plugins
[debug] [Loading] Found non-root projects 
[debug] [Loading] Done in C:\Users\Jesus\.sbt\1.0\plugins, returning: ()
[debug] deducing auto plugins based on known facts Set(Atom(sbt.plugins.CorePlugin)) and clauses Clauses(Clause(Atom(sbt.plugins.JvmPlugin),Set(Atom(sbt.plugins.IvyPlugin)))
[debug] Clause(Atom(sbt.ScriptedPlugin),Set(Atom(sbt.plugins.JvmPlugin)))
[debug] Clause(Atom(sbt.plugins.SbtPlugin),Set(Atom(sbt.ScriptedPlugin)))
[debug] Clause(Atom(sbt.plugins.SemanticdbPlugin),Set(Atom(sbt.plugins.JvmPlugin)))
[debug] Clause(Atom(sbt.plugins.JUnitXmlReportPlugin),Set(Atom(sbt.plugins.JvmPlugin)))
[debug] Clause(Atom(sbt.plugins.MiniDependencyTreePlugin),Set(Atom(sbt.plugins.JvmPlugin)))
[debug] Clause(Atom(sbt.plugins.CorePlugin),Set(Atom(sbt.plugins.IvyPlugin)))
[debug] Clause(Atom(sbt.plugins.IvyPlugin),Set(Atom(sbt.plugins.JvmPlugin)))
[debug] Clause(Atom(sbt.plugins.JvmPlugin),Set(Atom(sbt.plugins.SemanticdbPlugin)))
[debug] Clause(Atom(sbt.plugins.JvmPlugin),Set(Atom(sbt.plugins.JUnitXmlReportPlugin)))
[debug] Clause(Atom(sbt.plugins.CorePlugin),Set(Atom(sbt.plugins.Giter8TemplatePlugin)))
[debug] Clause(Atom(sbt.plugins.JvmPlugin),Set(Atom(sbt.plugins.MiniDependencyTreePlugin))))
[debug]   :: deduced result: Matched(sbt.plugins.CorePlugin,sbt.plugins.Giter8TemplatePlugin,sbt.plugins.IvyPlugin,sbt.plugins.JvmPlugin,sbt.plugins.MiniDependencyTreePlugin,sbt.plugins.JUnitXmlReportPlugin,sbt.plugins.SemanticdbPlugin)
[debug] Plugins.deducer#function took 69.4652 ms
[debug]           Load.resolveProject(global-plugins) took 119.1891ms
[debug]         Load.loadTransitive: finalizeProject(Project(id global-plugins, base: C:\Users\Jesus\.sbt\1.0\plugins, plugins: List(<none>))) took 269.4716ms
[debug] [Loading] Done in C:\Users\Jesus\.sbt\1.0\plugins, returning: (global-plugins)
[debug]       Load.loadUnit: loadedProjectsRaw took 445.8748ms
[debug]       Load.loadUnit: cleanEvalClasses took 0.6365ms
[debug]     Load.loadUnit(file:/C:/Users/Jesus/.sbt/1.0/plugins/, ...) took 1207.6166ms
[debug]   Load.apply: load took 2007.4027ms
[debug]   Load.apply: resolveProjects took 162.3083ms
[debug]   Load.apply: finalTransforms took 430.0617ms
[debug]   Load.apply: config.delegates took 33.5414ms
[debug]   Load.apply: Def.make(settings)... took 3475.3178ms
[debug]   Load.apply: structureIndex took 511.8762ms
[debug]   Load.apply: mkStreams took 2.7104ms
[info] loading global plugins from C:\Users\Jesus\.sbt\1.0\plugins
[debug] Running task... Cancel: Signal, check cycles: false, forcegc: true
[debug] Load.defaultLoad until apply took 18494.5606ms
[debug]                 Load.loadUnit: plugins took 134.7012ms
[debug]                 Load.loadUnit: defsScala took 0.0166ms
[debug] [Loading] Scanning directory C:\Users\Jesus\Desktop\Copia de Taller 5 - Plantilla\project\project
[debug] [Loading] Found non-root projects 
[debug] [Loading] Done in C:\Users\Jesus\Desktop\Copia de Taller 5 - Plantilla\project\project, returning: ()
[debug] deducing auto plugins based on known facts Set(Atom(sbt.plugins.CorePlugin)) and clauses Clauses(Clause(Atom(sbt.plugins.JvmPlugin),Set(Atom(sbt.plugins.IvyPlugin)))
[debug] Clause(Atom(sbt.ScriptedPlugin),Set(Atom(sbt.plugins.JvmPlugin)))
[debug] Clause(Atom(sbt.plugins.SbtPlugin),Set(Atom(sbt.ScriptedPlugin)))
[debug] Clause(Atom(sbt.plugins.SemanticdbPlugin),Set(Atom(sbt.plugins.JvmPlugin)))
[debug] Clause(Atom(sbt.plugins.JUnitXmlReportPlugin),Set(Atom(sbt.plugins.JvmPlugin)))
[debug] Clause(Atom(sbt.plugins.MiniDependencyTreePlugin),Set(Atom(sbt.plugins.JvmPlugin)))
[debug] Clause(Atom(sbt.plugins.CorePlugin),Set(Atom(sbt.plugins.IvyPlugin)))
[debug] Clause(Atom(sbt.plugins.IvyPlugin),Set(Atom(sbt.plugins.JvmPlugin)))
[debug] Clause(Atom(sbt.plugins.JvmPlugin),Set(Atom(sbt.plugins.SemanticdbPlugin)))
[debug] Clause(Atom(sbt.plugins.JvmPlugin),Set(Atom(sbt.plugins.JUnitXmlReportPlugin)))
[debug] Clause(Atom(sbt.plugins.CorePlugin),Set(Atom(sbt.plugins.Giter8TemplatePlugin)))
[debug] Clause(Atom(sbt.plugins.JvmPlugin),Set(Atom(sbt.plugins.MiniDependencyTreePlugin))))
[debug]   :: deduced result: Matched(sbt.plugins.CorePlugin,sbt.plugins.Giter8TemplatePlugin,sbt.plugins.IvyPlugin,sbt.plugins.JvmPlugin,sbt.plugins.MiniDependencyTreePlugin,sbt.plugins.JUnitXmlReportPlugin,sbt.plugins.SemanticdbPlugin)
[debug] Plugins.deducer#function took 99.8813 ms
[debug]                     Load.resolveProject(copia-de-taller-5-plantilla-build-build) took 25.7071ms
[debug]                   Load.loadTransitive: finalizeProject(Project(id copia-de-taller-5-plantilla-build-build, base: C:\Users\Jesus\Desktop\Copia de Taller 5 - Plantilla\project\project, plugins: List(<none>))) took 134.8385ms
[debug] [Loading] Done in C:\Users\Jesus\Desktop\Copia de Taller 5 - Plantilla\project\project, returning: (copia-de-taller-5-plantilla-build-build)
[debug]                 Load.loadUnit: loadedProjectsRaw took 141.2265ms
[debug]                 Load.loadUnit: cleanEvalClasses took 0.0257ms
[debug]               Load.loadUnit(file:/C:/Users/Jesus/Desktop/Copia%20de%20Taller%205%20-%20Plantilla/project/project/, ...) took 284.4241ms
[debug]             Load.apply: load took 305.262ms
[debug]             Load.apply: resolveProjects took 0.3135ms
[debug]             Load.apply: finalTransforms took 461.7947ms
[debug]             Load.apply: config.delegates took 0.9685ms
[debug]             Load.apply: Def.make(settings)... took 1129.1373ms
[debug]             Load.apply: structureIndex took 179.3169ms
[debug]             Load.apply: mkStreams took 0.005ms
[info] loading project definition from C:\Users\Jesus\Desktop\Copia de Taller 5 - Plantilla\project\project
[debug] Running task... Cancel: Signal, check cycles: false, forcegc: true
[debug]           Load.loadUnit: plugins took 5284.8574ms
[debug]           Load.loadUnit: defsScala took 0.3846ms
[debug] [Loading] Scanning directory C:\Users\Jesus\Desktop\Copia de Taller 5 - Plantilla\project
[debug]             Load.loadUnit: mkEval took 16.2812ms
[debug] [Loading] Found non-root projects 
[debug] [Loading] Done in C:\Users\Jesus\Desktop\Copia de Taller 5 - Plantilla\project, returning: ()
[debug] deducing auto plugins based on known facts Set(Atom(sbt.plugins.CorePlugin)) and clauses Clauses(Clause(Atom(sbt.plugins.JvmPlugin),Set(Atom(sbt.plugins.IvyPlugin)))
[debug] Clause(Atom(sbt.ScriptedPlugin),Set(Atom(sbt.plugins.JvmPlugin)))
[debug] Clause(Atom(sbt.plugins.SbtPlugin),Set(Atom(sbt.ScriptedPlugin)))
[debug] Clause(Atom(sbt.plugins.SemanticdbPlugin),Set(Atom(sbt.plugins.JvmPlugin)))
[debug] Clause(Atom(sbt.plugins.JUnitXmlReportPlugin),Set(Atom(sbt.plugins.JvmPlugin)))
[debug] Clause(Atom(sbt.plugins.MiniDependencyTreePlugin),Set(Atom(sbt.plugins.JvmPlugin)))
[debug] Clause(Atom(sbt.plugins.CorePlugin),Set(Atom(sbt.plugins.IvyPlugin)))
[debug] Clause(Atom(sbt.plugins.IvyPlugin),Set(Atom(sbt.plugins.JvmPlugin)))
[debug] Clause(Atom(sbt.plugins.JvmPlugin),Set(Atom(sbt.plugins.SemanticdbPlugin)))
[debug] Clause(Atom(sbt.plugins.JvmPlugin),Set(Atom(sbt.plugins.JUnitXmlReportPlugin)))
[debug] Clause(Atom(sbt.plugins.CorePlugin),Set(Atom(sbt.plugins.Giter8TemplatePlugin)))
[debug] Clause(Atom(sbt.plugins.JvmPlugin),Set(Atom(sbt.plugins.MiniDependencyTreePlugin))))
[debug]   :: deduced result: Matched(sbt.plugins.CorePlugin,sbt.plugins.Giter8TemplatePlugin,sbt.plugins.IvyPlugin,sbt.plugins.JvmPlugin,sbt.plugins.MiniDependencyTreePlugin,sbt.plugins.JUnitXmlReportPlugin,sbt.plugins.SemanticdbPlugin)
[debug] Plugins.deducer#function took 5.4356 ms
[info] loading settings for project copia-de-taller-5-plantilla-build from idea10.sbt ...
[debug]               Load.resolveProject(copia-de-taller-5-plantilla-build) took 24.0234ms
[debug]             Load.loadTransitive: finalizeProject(Project(id copia-de-taller-5-plantilla-build, base: C:\Users\Jesus\Desktop\Copia de Taller 5 - Plantilla\project, plugins: List(<none>))) took 35.2441ms
[debug] [Loading] Done in C:\Users\Jesus\Desktop\Copia de Taller 5 - Plantilla\project, returning: (copia-de-taller-5-plantilla-build)
[debug]           Load.loadUnit: loadedProjectsRaw took 970.264ms
[debug]           Load.loadUnit: cleanEvalClasses took 14.7915ms
[debug]         Load.loadUnit(file:/C:/Users/Jesus/Desktop/Copia%20de%20Taller%205%20-%20Plantilla/project/, ...) took 6272.6595ms
[debug]       Load.apply: load took 6278.9589ms
[debug]       Load.apply: resolveProjects took 0.2556ms
[debug]       Load.apply: finalTransforms took 103.9237ms
[debug]       Load.apply: config.delegates took 1.2944ms
[debug]       Load.apply: Def.make(settings)... took 955.7095ms
[debug]       Load.apply: structureIndex took 218.5442ms
[debug]       Load.apply: mkStreams took 0.004ms
[info] loading project definition from C:\Users\Jesus\Desktop\Copia de Taller 5 - Plantilla\project
[debug] Running task... Cancel: Signal, check cycles: false, forcegc: true
[debug]     Load.loadUnit: plugins took 9857.8471ms
[debug]     Load.loadUnit: defsScala took 0.0119ms
[debug] [Loading] Scanning directory C:\Users\Jesus\Desktop\Copia de Taller 5 - Plantilla
[debug]       Load.loadUnit: mkEval took 2.3481ms
[debug] [Loading] Found root project root w/ remaining 
[debug] deducing auto plugins based on known facts Set(Atom(sbt.plugins.CorePlugin)) and clauses Clauses(Clause(Atom(sbt.plugins.JvmPlugin),Set(Atom(sbt.plugins.IvyPlugin)))
[debug] Clause(Atom(sbt.ScriptedPlugin),Set(Atom(sbt.plugins.JvmPlugin)))
[debug] Clause(Atom(sbt.plugins.SbtPlugin),Set(Atom(sbt.ScriptedPlugin)))
[debug] Clause(Atom(sbt.plugins.SemanticdbPlugin),Set(Atom(sbt.plugins.JvmPlugin)))
[debug] Clause(Atom(sbt.plugins.JUnitXmlReportPlugin),Set(Atom(sbt.plugins.JvmPlugin)))
[debug] Clause(Atom(sbt.plugins.MiniDependencyTreePlugin),Set(Atom(sbt.plugins.JvmPlugin)))
[debug] Clause(Atom(org.jetbrains.sbt.StructurePlugin),Set(Atom(sbt.plugins.JvmPlugin)))
[debug] Clause(Atom(org.jetbrains.sbt.IdeaShellPlugin),Set(Atom(sbt.plugins.JvmPlugin)))
[debug] Clause(Atom(org.jetbrains.sbt.indices.SbtIntellijIndicesPlugin),Set(Atom(sbt.plugins.JvmPlugin)))
[debug] Clause(Atom(sbt.plugins.CorePlugin),Set(Atom(sbt.plugins.IvyPlugin)))
[debug] Clause(Atom(sbt.plugins.IvyPlugin),Set(Atom(sbt.plugins.JvmPlugin)))
[debug] Clause(Atom(sbt.plugins.JvmPlugin),Set(Atom(sbt.plugins.SemanticdbPlugin)))
[debug] Clause(Atom(sbt.plugins.JvmPlugin),Set(Atom(sbt.plugins.JUnitXmlReportPlugin)))
[debug] Clause(Atom(sbt.plugins.CorePlugin),Set(Atom(sbt.plugins.Giter8TemplatePlugin)))
[debug] Clause(Atom(sbt.plugins.JvmPlugin),Set(Atom(sbt.plugins.MiniDependencyTreePlugin)))
[debug] Clause(Atom(sbt.plugins.JvmPlugin),Set(Atom(org.jetbrains.sbt.StructurePlugin)))
[debug] Clause(Atom(sbt.plugins.JvmPlugin),Set(Atom(org.jetbrains.sbt.IdeaShellPlugin)))
[debug] Clause(And(Set(Atom(sbt.plugins.CorePlugin), Atom(sbt.plugins.JvmPlugin))),Set(Atom(org.jetbrains.sbt.indices.SbtIntellijIndicesPlugin))))
[debug]   :: deduced result: Matched(sbt.plugins.CorePlugin,sbt.plugins.Giter8TemplatePlugin,sbt.plugins.IvyPlugin,sbt.plugins.JvmPlugin,sbt.plugins.SemanticdbPlugin,org.jetbrains.sbt.indices.SbtIntellijIndicesPlugin,sbt.plugins.JUnitXmlReportPlugin,org.jetbrains.sbt.IdeaShellPlugin,org.jetbrains.sbt.StructurePlugin,sbt.plugins.MiniDependencyTreePlugin)
[debug] Plugins.deducer#function took 9.961 ms
[info] loading settings for project root from build.sbt ...
[debug]         Load.resolveProject(root) took 162.4204ms
[debug]       Load.loadTransitive: finalizeProject(Project(id root, base: C:\Users\Jesus\Desktop\Copia de Taller 5 - Plantilla, plugins: List(<none>))) took 176.3891ms
[debug] [Loading] Done in C:\Users\Jesus\Desktop\Copia de Taller 5 - Plantilla, returning: (root)
[debug]     Load.loadUnit: loadedProjectsRaw took 1427.5839ms
[debug]     Load.loadUnit: cleanEvalClasses took 76.3675ms
[debug]   Load.loadUnit(file:/C:/Users/Jesus/Desktop/Copia%20de%20Taller%205%20-%20Plantilla/, ...) took 11364.2281ms
[debug] Load.apply: load took 11369.4486ms
[debug] Load.apply: resolveProjects took 0.1893ms
[debug] Load.apply: finalTransforms took 86.2099ms
[debug] Load.apply: config.delegates took 1.0151ms
[debug] Load.apply: Def.make(settings)... took 477.3226ms
[debug] Load.apply: structureIndex took 95.5458ms
[debug] Load.apply: mkStreams took 0.0031ms
[info] set current project to Taller 5 - Problema Fuertemente Paralelo (in build file:/C:/Users/Jesus/Desktop/Copia%20de%20Taller%205%20-%20Plantilla/)
[debug] > Exec(sbtPopOnFailure, None, None)
[debug] > Exec(resumeFromFailure, None, None)
[debug] > Exec(notifyUsersAboutShell, None, None)
[debug] > Exec(iflast shell, None, None)
[debug] > Exec(; set ideaPort in Global := 51994 ; idea-shell, None, None)
[debug] > Exec(set ideaPort in Global := 51994, None, None)
[info] Defining Global / ideaPort
[info] The new value will be used by Compile / compile, Test / compile
[debug] Defining 
[debug] 	Global / ideaPort
[debug] 
[debug] The new value will be used by 
[debug] 	Compile / compile
[debug] 	Test / compile
[info] Reapplying settings...
[info] set current project to Taller 5 - Problema Fuertemente Paralelo (in build file:/C:/Users/Jesus/Desktop/Copia%20de%20Taller%205%20-%20Plantilla/)
[debug] > Exec(idea-shell, None, None)
